  Foo.cpp
  Source.cpp
c:\program files (x86)\microsoft visual studio\2017\enterprise\vc\tools\msvc\14.16.27023\include\xmemory0(881): error C2280: 'Foo::Foo(const Foo &)': attempting to reference a deleted function
  c:\users\s199041\source\repos\codedesign2-vectors\codedesign2-vectors\foo.h(35): note: compiler has generated 'Foo::Foo' here
  c:\users\s199041\source\repos\codedesign2-vectors\codedesign2-vectors\foo.h(35): note: 'Foo::Foo(const Foo &)': function was implicitly deleted because 'Foo' has a user-defined move constructor
  c:\program files (x86)\microsoft visual studio\2017\enterprise\vc\tools\msvc\14.16.27023\include\vector(900): note: see reference to function template instantiation 'void std::_Default_allocator_traits<_Alloc>::construct<_Ty,const _Ty&>(_Alloc &,_Objty *const ,const _Ty &)' being compiled
          with
          [
              _Alloc=std::allocator<Foo>,
              _Ty=Foo,
              _Objty=Foo
          ]
  c:\program files (x86)\microsoft visual studio\2017\enterprise\vc\tools\msvc\14.16.27023\include\vector(902): note: see reference to function template instantiation 'void std::_Default_allocator_traits<_Alloc>::construct<_Ty,const _Ty&>(_Alloc &,_Objty *const ,const _Ty &)' being compiled
          with
          [
              _Alloc=std::allocator<Foo>,
              _Ty=Foo,
              _Objty=Foo
          ]
  c:\program files (x86)\microsoft visual studio\2017\enterprise\vc\tools\msvc\14.16.27023\include\vector(916): note: see reference to function template instantiation 'void std::vector<Foo,std::allocator<_Ty>>::_Emplace_back_with_unused_capacity<const _Ty&>(const _Ty &)' being compiled
          with
          [
              _Ty=Foo
          ]
  c:\program files (x86)\microsoft visual studio\2017\enterprise\vc\tools\msvc\14.16.27023\include\vector(932): note: see reference to function template instantiation 'void std::vector<Foo,std::allocator<_Ty>>::emplace_back<const _Ty&>(const _Ty &)' being compiled
          with
          [
              _Ty=Foo
          ]
  c:\program files (x86)\microsoft visual studio\2017\enterprise\vc\tools\msvc\14.16.27023\include\vector(931): note: while compiling class template member function 'void std::vector<Foo,std::allocator<_Ty>>::push_back(const _Ty &)'
          with
          [
              _Ty=Foo
          ]
  c:\users\s199041\source\repos\codedesign2-vectors\codedesign2-vectors\source.cpp(16): note: see reference to function template instantiation 'void std::vector<Foo,std::allocator<_Ty>>::push_back(const _Ty &)' being compiled
          with
          [
              _Ty=Foo
          ]
  c:\users\s199041\source\repos\codedesign2-vectors\codedesign2-vectors\source.cpp(13): note: see reference to class template instantiation 'std::vector<Foo,std::allocator<_Ty>>' being compiled
          with
          [
              _Ty=Foo
          ]
  Generating Code...
